<?xml version="1.0" encoding="UTF-8"?>
<!-- Generated by org.testng.reporters.JUnitXMLReporter -->
<testsuite hostname="DT27" name="Test" tests="2" failures="0" timestamp="1 Oct 2019 11:02:36 GMT" time="22.437" errors="0">
  <testcase name="@AfterTest loginTest" time="0.0" classname="com.com.orangehrmlive.DataDriven">
    <failure type="org.testng.TestNGException" message="
Method loginTest requires 2 parameters but 0 were supplied in the @Configuration annotation.">
      <![CDATA[org.testng.TestNGException: 
Method loginTest requires 2 parameters but 0 were supplied in the @Configuration annotation.
... Removed 21 stack frames]]>
    </failure>
  </testcase> <!-- @AfterTest loginTest -->
  <testcase name="loginTest" time="4.187" classname="com.com.orangehrmlive.DataDriven"/>
  <testcase name="loginTest" time="5.252" classname="com.com.orangehrmlive.DataDriven"/>
</testsuite> <!-- Test -->
